<?xml version="1.0" encoding="UTF-8"?>
<testsuite xmlns:xsi="http://www.w3.org/2001/XMLSchema-instance" xsi:noNamespaceSchemaLocation="https://maven.apache.org/surefire/maven-surefire-plugin/xsd/surefire-test-report.xsd" name="dto.PersonTest" time="1.33" tests="6" errors="0" skipped="0" failures="0">
  <properties>
[...]
</properties>
  <testcase name="Test find person by ID should return null" classname="dto.PersonTest" time="0.058"/>
  <testcase name="Test sort by birthdate" classname="dto.PersonTest" time="0.463"/>
  <testcase name="Test find person by ID" classname="dto.PersonTest" time="0.002"/>
  <testcase name="Test default sort" classname="dto.PersonTest" time="0.14"/>
  <testcase name="Test sort by name" classname="dto.PersonTest" time="0.013"/>
  <testcase name="Test collect person by gender" classname="dto.PersonTest" time="0"/>
</testsuite>